# JRE version: Java(TM) SE Runtime Environment (8.0_05-b13) (build 1.8.0_05-b13)
# Java VM: Java HotSpot(TM) 64-Bit Server VM (25.5-b02 mixed mode linux-amd64 compressed oops)
Heap:
 PSYoungGen      total 11264K, used 6132K [0x00000000eab00000, 0x00000000eb880000, 0x0000000100000000)
  eden space 10752K, 56% used [0x00000000eab00000,0x00000000eb0e52b0,0x00000000eb580000)
  from space 512K, 18% used [0x00000000eb580000,0x00000000eb598000,0x00000000eb600000)
  to   space 1536K, 0% used [0x00000000eb700000,0x00000000eb700000,0x00000000eb880000)
 ParOldGen       total 522752K, used 70720K [0x00000000c0000000, 0x00000000dfe80000, 0x00000000eab00000)
  object space 522752K, 13% used [0x00000000c0000000,0x00000000c4510088,0x00000000dfe80000)
 Metaspace       used 23915K, capacity 24076K, committed 24448K, reserved 1071104K
  class space    used 2866K, capacity 2909K, committed 2944K, reserved 1048576K
GC Heap History (10 events):
Event: 4122.872 GC heap before
{Heap before GC invocations=92 (full 1):
 PSYoungGen      total 12800K, used 10816K [0x00000000eab00000, 0x00000000eb980000, 0x0000000100000000)
  eden space 10752K, 100% used [0x00000000eab00000,0x00000000eb580000,0x00000000eb580000)
  from space 2048K, 3% used [0x00000000eb780000,0x00000000eb790000,0x00000000eb980000)
  to   space 2048K, 0% used [0x00000000eb580000,0x00000000eb580000,0x00000000eb780000)
 ParOldGen       total 522752K, used 70704K [0x00000000c0000000, 0x00000000dfe80000, 0x00000000eab00000)
  object space 522752K, 13% used [0x00000000c0000000,0x00000000c450c088,0x00000000dfe80000)
 Metaspace       used 23910K, capacity 24076K, committed 24448K, reserved 1071104K
  class space    used 2866K, capacity 2909K, committed 2944K, reserved 1048576K
Event: 4122.875 GC heap after
Heap after GC invocations=92 (full 1):
 PSYoungGen      total 12800K, used 32K [0x00000000eab00000, 0x00000000eb980000, 0x0000000100000000)
  eden space 10752K, 0% used [0x00000000eab00000,0x00000000eab00000,0x00000000eb580000)
  from space 2048K, 1% used [0x00000000eb580000,0x00000000eb588000,0x00000000eb780000)
  to   space 2048K, 0% used [0x00000000eb780000,0x00000000eb780000,0x00000000eb980000)
 ParOldGen       total 522752K, used 70712K [0x00000000c0000000, 0x00000000dfe80000, 0x00000000eab00000)
  object space 522752K, 13% used [0x00000000c0000000,0x00000000c450e088,0x00000000dfe80000)
 Metaspace       used 23910K, capacity 24076K, committed 24448K, reserved 1071104K
  class space    used 2866K, capacity 2909K, committed 2944K, reserved 1048576K
}
Event: 4123.702 GC heap before
{Heap before GC invocations=93 (full 1):
 PSYoungGen      total 12800K, used 10784K [0x00000000eab00000, 0x00000000eb980000, 0x0000000100000000)
  eden space 10752K, 100% used [0x00000000eab00000,0x00000000eb580000,0x00000000eb580000)
  from space 2048K, 1% used [0x00000000eb580000,0x00000000eb588000,0x00000000eb780000)
  to   space 2048K, 0% used [0x00000000eb780000,0x00000000eb780000,0x00000000eb980000)
 ParOldGen       total 522752K, used 70712K [0x00000000c0000000, 0x00000000dfe80000, 0x00000000eab00000)
  object space 522752K, 13% used [0x00000000c0000000,0x00000000c450e088,0x00000000dfe80000)
 Metaspace       used 23910K, capacity 24076K, committed 24448K, reserved 1071104K
  class space    used 2866K, capacity 2909K, committed 2944K, reserved 1048576K
Event: 4123.703 GC heap after
Heap after GC invocations=93 (full 1):
 PSYoungGen      total 12800K, used 32K [0x00000000eab00000, 0x00000000eb980000, 0x0000000100000000)
  eden space 10752K, 0% used [0x00000000eab00000,0x00000000eab00000,0x00000000eb580000)
  from space 2048K, 1% used [0x00000000eb780000,0x00000000eb788000,0x00000000eb980000)
  to   space 2048K, 0% used [0x00000000eb580000,0x00000000eb580000,0x00000000eb780000)
 ParOldGen       total 522752K, used 70712K [0x00000000c0000000, 0x00000000dfe80000, 0x00000000eab00000)
  object space 522752K, 13% used [0x00000000c0000000,0x00000000c450e088,0x00000000dfe80000)
 Metaspace       used 23910K, capacity 24076K, committed 24448K, reserved 1071104K
  class space    used 2866K, capacity 2909K, committed 2944K, reserved 1048576K
}
Event: 4124.532 GC heap before
{Heap before GC invocations=94 (full 1):
 PSYoungGen      total 12800K, used 10784K [0x00000000eab00000, 0x00000000eb980000, 0x0000000100000000)
  eden space 10752K, 100% used [0x00000000eab00000,0x00000000eb580000,0x00000000eb580000)
  from space 2048K, 1% used [0x00000000eb780000,0x00000000eb788000,0x00000000eb980000)
  to   space 2048K, 0% used [0x00000000eb580000,0x00000000eb580000,0x00000000eb780000)
 ParOldGen       total 522752K, used 70712K [0x00000000c0000000, 0x00000000dfe80000, 0x00000000eab00000)
  object space 522752K, 13% used [0x00000000c0000000,0x00000000c450e088,0x00000000dfe80000)
 Metaspace       used 23910K, capacity 24076K, committed 24448K, reserved 1071104K
  class space    used 2866K, capacity 2909K, committed 2944K, reserved 1048576K
Event: 4124.535 GC heap after
Heap after GC invocations=94 (full 1):
 PSYoungGen      total 12800K, used 96K [0x00000000eab00000, 0x00000000eb980000, 0x0000000100000000)
  eden space 10752K, 0% used [0x00000000eab00000,0x00000000eab00000,0x00000000eb580000)
  from space 2048K, 4% used [0x00000000eb580000,0x00000000eb598000,0x00000000eb780000)
  to   space 2048K, 0% used [0x00000000eb780000,0x00000000eb780000,0x00000000eb980000)
 ParOldGen       total 522752K, used 70720K [0x00000000c0000000, 0x00000000dfe80000, 0x00000000eab00000)
  object space 522752K, 13% used [0x00000000c0000000,0x00000000c4510088,0x00000000dfe80000)
 Metaspace       used 23910K, capacity 24076K, committed 24448K, reserved 1071104K
  class space    used 2866K, capacity 2909K, committed 2944K, reserved 1048576K
}
Event: 4125.274 GC heap before
{Heap before GC invocations=95 (full 1):
 PSYoungGen      total 12800K, used 10848K [0x00000000eab00000, 0x00000000eb980000, 0x0000000100000000)
  eden space 10752K, 100% used [0x00000000eab00000,0x00000000eb580000,0x00000000eb580000)
  from space 2048K, 4% used [0x00000000eb580000,0x00000000eb598000,0x00000000eb780000)
  to   space 2048K, 0% used [0x00000000eb780000,0x00000000eb780000,0x00000000eb980000)
 ParOldGen       total 522752K, used 70720K [0x00000000c0000000, 0x00000000dfe80000, 0x00000000eab00000)
  object space 522752K, 13% used [0x00000000c0000000,0x00000000c4510088,0x00000000dfe80000)
 Metaspace       used 23910K, capacity 24076K, committed 24448K, reserved 1071104K
  class space    used 2866K, capacity 2909K, committed 2944K, reserved 1048576K
Event: 4125.277 GC heap after
Heap after GC invocations=95 (full 1):
 PSYoungGen      total 12800K, used 64K [0x00000000eab00000, 0x00000000eb980000, 0x0000000100000000)
  eden space 10752K, 0% used [0x00000000eab00000,0x00000000eab00000,0x00000000eb580000)
  from space 2048K, 3% used [0x00000000eb780000,0x00000000eb790000,0x00000000eb980000)
  to   space 2048K, 0% used [0x00000000eb580000,0x00000000eb580000,0x00000000eb780000)
 ParOldGen       total 522752K, used 70720K [0x00000000c0000000, 0x00000000dfe80000, 0x00000000eab00000)
  object space 522752K, 13% used [0x00000000c0000000,0x00000000c4510088,0x00000000dfe80000)
 Metaspace       used 23910K, capacity 24076K, committed 24448K, reserved 1071104K
  class space    used 2866K, capacity 2909K, committed 2944K, reserved 1048576K
}
Event: 4144.916 GC heap before
{Heap before GC invocations=96 (full 1):
 PSYoungGen      total 12800K, used 10816K [0x00000000eab00000, 0x00000000eb980000, 0x0000000100000000)
  eden space 10752K, 100% used [0x00000000eab00000,0x00000000eb580000,0x00000000eb580000)
  from space 2048K, 3% used [0x00000000eb780000,0x00000000eb790000,0x00000000eb980000)
  to   space 2048K, 0% used [0x00000000eb580000,0x00000000eb580000,0x00000000eb780000)
 ParOldGen       total 522752K, used 70720K [0x00000000c0000000, 0x00000000dfe80000, 0x00000000eab00000)
  object space 522752K, 13% used [0x00000000c0000000,0x00000000c4510088,0x00000000dfe80000)
 Metaspace       used 23913K, capacity 24076K, committed 24448K, reserved 1071104K
  class space    used 2866K, capacity 2909K, committed 2944K, reserved 1048576K
Event: 4144.917 GC heap after
Heap after GC invocations=96 (full 1):
 PSYoungGen      total 11264K, used 96K [0x00000000eab00000, 0x00000000eb880000, 0x0000000100000000)
  eden space 10752K, 0% used [0x00000000eab00000,0x00000000eab00000,0x00000000eb580000)
  from space 512K, 18% used [0x00000000eb580000,0x00000000eb598000,0x00000000eb600000)
  to   space 1536K, 0% used [0x00000000eb700000,0x00000000eb700000,0x00000000eb880000)
 ParOldGen       total 522752K, used 70720K [0x00000000c0000000, 0x00000000dfe80000, 0x00000000eab00000)
  object space 522752K, 13% used [0x00000000c0000000,0x00000000c4510088,0x00000000dfe80000)
 Metaspace       used 23913K, capacity 24076K, committed 24448K, reserved 1071104K
  class space    used 2866K, capacity 2909K, committed 2944K, reserved 1048576K
}

